running develop
running egg_info
creating cartpole_sim.egg-info
writing cartpole_sim.egg-info/PKG-INFO
writing dependency_links to cartpole_sim.egg-info/dependency_links.txt
writing requirements to cartpole_sim.egg-info/requires.txt
writing top-level names to cartpole_sim.egg-info/top_level.txt
writing manifest file 'cartpole_sim.egg-info/SOURCES.txt'
reading manifest file 'cartpole_sim.egg-info/SOURCES.txt'
writing manifest file 'cartpole_sim.egg-info/SOURCES.txt'
running build_ext
Creating /home/gbk08/cartpole_ws/install/cartpole_sim/lib/python3.12/site-packages/cartpole-sim.egg-link (link to .)

Installed /home/gbk08/cartpole_ws/build/cartpole_sim
running symlink_data
creating /home/gbk08/cartpole_ws/install/cartpole_sim/share/ament_index
creating /home/gbk08/cartpole_ws/install/cartpole_sim/share/ament_index/resource_index
creating /home/gbk08/cartpole_ws/install/cartpole_sim/share/ament_index/resource_index/packages
symbolically linking /home/gbk08/cartpole_ws/build/cartpole_sim/resource/cartpole_sim -> /home/gbk08/cartpole_ws/install/cartpole_sim/share/ament_index/resource_index/packages
symbolically linking /home/gbk08/cartpole_ws/build/cartpole_sim/package.xml -> /home/gbk08/cartpole_ws/install/cartpole_sim/share/cartpole_sim
creating /home/gbk08/cartpole_ws/install/cartpole_sim/share/cartpole_sim/launch
symbolically linking /home/gbk08/cartpole_ws/build/cartpole_sim/launch/sim.launch.py -> /home/gbk08/cartpole_ws/install/cartpole_sim/share/cartpole_sim/launch
creating /home/gbk08/cartpole_ws/install/cartpole_sim/share/cartpole_sim/urdf
symbolically linking /home/gbk08/cartpole_ws/build/cartpole_sim/urdf/world_with_force.sdf -> /home/gbk08/cartpole_ws/install/cartpole_sim/share/cartpole_sim/urdf
symbolically linking /home/gbk08/cartpole_ws/build/cartpole_sim/urdf/cartpole.urdf -> /home/gbk08/cartpole_ws/install/cartpole_sim/share/cartpole_sim/urdf
creating /home/gbk08/cartpole_ws/install/cartpole_sim/share/cartpole_sim/config
symbolically linking /home/gbk08/cartpole_ws/build/cartpole_sim/config/controllers.yaml -> /home/gbk08/cartpole_ws/install/cartpole_sim/share/cartpole_sim/config
