[2.061s] Invoking command in '/home/gbk08/cartpole_ws/src/cartpole_sim': PYTHONPATH=/home/gbk08/cartpole_ws/build/cartpole_sim/prefix_override:/usr/lib/python3/dist-packages/colcon_core/task/python/colcon_distutils_commands:/home/gbk08/cartpole_ws/install/cartpole_sim/lib/python3.12/site-packages:${PYTHONPATH} /usr/bin/python3 -W ignore:setup.py install is deprecated -W ignore:easy_install command is deprecated setup.py egg_info --egg-base ../../build/cartpole_sim build --build-base /home/gbk08/cartpole_ws/build/cartpole_sim/build install --record /home/gbk08/cartpole_ws/build/cartpole_sim/install.log --single-version-externally-managed install_data
[2.719s] running egg_info
[2.766s] writing ../../build/cartpole_sim/cartpole_sim.egg-info/PKG-INFO
[2.767s] writing dependency_links to ../../build/cartpole_sim/cartpole_sim.egg-info/dependency_links.txt
[2.768s] writing requirements to ../../build/cartpole_sim/cartpole_sim.egg-info/requires.txt
[2.768s] writing top-level names to ../../build/cartpole_sim/cartpole_sim.egg-info/top_level.txt
[2.863s] reading manifest file '../../build/cartpole_sim/cartpole_sim.egg-info/SOURCES.txt'
[2.865s] writing manifest file '../../build/cartpole_sim/cartpole_sim.egg-info/SOURCES.txt'
[2.865s] running build
[2.866s] running build_py
[2.866s] running install
[2.879s] running install_lib
[2.938s] running install_data
[2.938s] copying urdf/cartpole.urdf -> /home/gbk08/cartpole_ws/install/cartpole_sim/share/cartpole_sim/urdf
[2.938s] running install_egg_info
[2.984s] removing '/home/gbk08/cartpole_ws/install/cartpole_sim/lib/python3.12/site-packages/cartpole_sim-0.0.0-py3.12.egg-info' (and everything under it)
[2.985s] Copying ../../build/cartpole_sim/cartpole_sim.egg-info to /home/gbk08/cartpole_ws/install/cartpole_sim/lib/python3.12/site-packages/cartpole_sim-0.0.0-py3.12.egg-info
[2.988s] running install_scripts
[3.313s] writing list of installed files to '/home/gbk08/cartpole_ws/build/cartpole_sim/install.log'
[3.377s] Invoked command in '/home/gbk08/cartpole_ws/src/cartpole_sim' returned '0': PYTHONPATH=/home/gbk08/cartpole_ws/build/cartpole_sim/prefix_override:/usr/lib/python3/dist-packages/colcon_core/task/python/colcon_distutils_commands:/home/gbk08/cartpole_ws/install/cartpole_sim/lib/python3.12/site-packages:${PYTHONPATH} /usr/bin/python3 -W ignore:setup.py install is deprecated -W ignore:easy_install command is deprecated setup.py egg_info --egg-base ../../build/cartpole_sim build --build-base /home/gbk08/cartpole_ws/build/cartpole_sim/build install --record /home/gbk08/cartpole_ws/build/cartpole_sim/install.log --single-version-externally-managed install_data
