[2.273s] Invoking command in '/home/gbk08/cartpole_ws/src/cartpole_sim': PYTHONPATH=/home/gbk08/cartpole_ws/build/cartpole_sim/prefix_override:/usr/lib/python3/dist-packages/colcon_core/task/python/colcon_distutils_commands:/home/gbk08/cartpole_ws/install/cartpole_sim/lib/python3.12/site-packages:${PYTHONPATH} /usr/bin/python3 -W ignore:setup.py install is deprecated -W ignore:easy_install command is deprecated setup.py egg_info --egg-base ../../build/cartpole_sim build --build-base /home/gbk08/cartpole_ws/build/cartpole_sim/build install --record /home/gbk08/cartpole_ws/build/cartpole_sim/install.log --single-version-externally-managed install_data
[2.993s] running egg_info
[3.050s] writing ../../build/cartpole_sim/cartpole_sim.egg-info/PKG-INFO
[3.051s] writing dependency_links to ../../build/cartpole_sim/cartpole_sim.egg-info/dependency_links.txt
[3.052s] writing requirements to ../../build/cartpole_sim/cartpole_sim.egg-info/requires.txt
[3.052s] writing top-level names to ../../build/cartpole_sim/cartpole_sim.egg-info/top_level.txt
[3.164s] reading manifest file '../../build/cartpole_sim/cartpole_sim.egg-info/SOURCES.txt'
[3.166s] writing manifest file '../../build/cartpole_sim/cartpole_sim.egg-info/SOURCES.txt'
[3.166s] running build
[3.167s] running build_py
[3.167s] running install
[3.182s] running install_lib
[3.230s] running install_data
[3.230s] copying launch/sim.launch.py -> /home/gbk08/cartpole_ws/install/cartpole_sim/share/cartpole_sim/launch
[3.231s] running install_egg_info
[3.280s] removing '/home/gbk08/cartpole_ws/install/cartpole_sim/lib/python3.12/site-packages/cartpole_sim-0.0.0-py3.12.egg-info' (and everything under it)
[3.282s] Copying ../../build/cartpole_sim/cartpole_sim.egg-info to /home/gbk08/cartpole_ws/install/cartpole_sim/lib/python3.12/site-packages/cartpole_sim-0.0.0-py3.12.egg-info
[3.286s] running install_scripts
[3.625s] writing list of installed files to '/home/gbk08/cartpole_ws/build/cartpole_sim/install.log'
[3.681s] Invoked command in '/home/gbk08/cartpole_ws/src/cartpole_sim' returned '0': PYTHONPATH=/home/gbk08/cartpole_ws/build/cartpole_sim/prefix_override:/usr/lib/python3/dist-packages/colcon_core/task/python/colcon_distutils_commands:/home/gbk08/cartpole_ws/install/cartpole_sim/lib/python3.12/site-packages:${PYTHONPATH} /usr/bin/python3 -W ignore:setup.py install is deprecated -W ignore:easy_install command is deprecated setup.py egg_info --egg-base ../../build/cartpole_sim build --build-base /home/gbk08/cartpole_ws/build/cartpole_sim/build install --record /home/gbk08/cartpole_ws/build/cartpole_sim/install.log --single-version-externally-managed install_data
