running egg_info
creating ../../build/cartpole_sim/cartpole_sim.egg-info
writing ../../build/cartpole_sim/cartpole_sim.egg-info/PKG-INFO
writing dependency_links to ../../build/cartpole_sim/cartpole_sim.egg-info/dependency_links.txt
writing requirements to ../../build/cartpole_sim/cartpole_sim.egg-info/requires.txt
writing top-level names to ../../build/cartpole_sim/cartpole_sim.egg-info/top_level.txt
writing manifest file '../../build/cartpole_sim/cartpole_sim.egg-info/SOURCES.txt'
reading manifest file '../../build/cartpole_sim/cartpole_sim.egg-info/SOURCES.txt'
writing manifest file '../../build/cartpole_sim/cartpole_sim.egg-info/SOURCES.txt'
running build
running build_py
creating /home/gbk08/cartpole_ws/build/cartpole_sim/build
creating /home/gbk08/cartpole_ws/build/cartpole_sim/build/lib
creating /home/gbk08/cartpole_ws/build/cartpole_sim/build/lib/cartpole_sim
copying cartpole_sim/__init__.py -> /home/gbk08/cartpole_ws/build/cartpole_sim/build/lib/cartpole_sim
running install
running install_lib
creating /home/gbk08/cartpole_ws/install/cartpole_sim/lib/python3.12/site-packages/cartpole_sim
copying /home/gbk08/cartpole_ws/build/cartpole_sim/build/lib/cartpole_sim/__init__.py -> /home/gbk08/cartpole_ws/install/cartpole_sim/lib/python3.12/site-packages/cartpole_sim
byte-compiling /home/gbk08/cartpole_ws/install/cartpole_sim/lib/python3.12/site-packages/cartpole_sim/__init__.py to __init__.cpython-312.pyc
running install_data
creating /home/gbk08/cartpole_ws/install/cartpole_sim/share/ament_index
creating /home/gbk08/cartpole_ws/install/cartpole_sim/share/ament_index/resource_index
creating /home/gbk08/cartpole_ws/install/cartpole_sim/share/ament_index/resource_index/packages
copying resource/cartpole_sim -> /home/gbk08/cartpole_ws/install/cartpole_sim/share/ament_index/resource_index/packages
copying package.xml -> /home/gbk08/cartpole_ws/install/cartpole_sim/share/cartpole_sim
creating /home/gbk08/cartpole_ws/install/cartpole_sim/share/cartpole_sim/launch
copying launch/sim.launch.py -> /home/gbk08/cartpole_ws/install/cartpole_sim/share/cartpole_sim/launch
creating /home/gbk08/cartpole_ws/install/cartpole_sim/share/cartpole_sim/urdf
copying urdf/cartpole.urdf -> /home/gbk08/cartpole_ws/install/cartpole_sim/share/cartpole_sim/urdf
running install_egg_info
Copying ../../build/cartpole_sim/cartpole_sim.egg-info to /home/gbk08/cartpole_ws/install/cartpole_sim/lib/python3.12/site-packages/cartpole_sim-0.0.0-py3.12.egg-info
running install_scripts
writing list of installed files to '/home/gbk08/cartpole_ws/build/cartpole_sim/install.log'
