[2.845s] Invoking command in '/home/gbk08/cartpole_ws/src/cartpole_sim': PYTHONPATH=/home/gbk08/cartpole_ws/build/cartpole_sim/prefix_override:/usr/lib/python3/dist-packages/colcon_core/task/python/colcon_distutils_commands:/home/gbk08/cartpole_ws/install/cartpole_sim/lib/python3.12/site-packages:${PYTHONPATH} /usr/bin/python3 -W ignore:setup.py install is deprecated -W ignore:easy_install command is deprecated setup.py egg_info --egg-base ../../build/cartpole_sim build --build-base /home/gbk08/cartpole_ws/build/cartpole_sim/build install --record /home/gbk08/cartpole_ws/build/cartpole_sim/install.log --single-version-externally-managed install_data
[3.464s] running egg_info
[3.465s] creating ../../build/cartpole_sim/cartpole_sim.egg-info
[3.513s] writing ../../build/cartpole_sim/cartpole_sim.egg-info/PKG-INFO
[3.513s] writing dependency_links to ../../build/cartpole_sim/cartpole_sim.egg-info/dependency_links.txt
[3.514s] writing requirements to ../../build/cartpole_sim/cartpole_sim.egg-info/requires.txt
[3.514s] writing top-level names to ../../build/cartpole_sim/cartpole_sim.egg-info/top_level.txt
[3.514s] writing manifest file '../../build/cartpole_sim/cartpole_sim.egg-info/SOURCES.txt'
[3.604s] reading manifest file '../../build/cartpole_sim/cartpole_sim.egg-info/SOURCES.txt'
[3.605s] writing manifest file '../../build/cartpole_sim/cartpole_sim.egg-info/SOURCES.txt'
[3.605s] running build
[3.606s] running build_py
[3.606s] creating /home/gbk08/cartpole_ws/build/cartpole_sim/build
[3.608s] creating /home/gbk08/cartpole_ws/build/cartpole_sim/build/lib
[3.609s] creating /home/gbk08/cartpole_ws/build/cartpole_sim/build/lib/cartpole_sim
[3.610s] copying cartpole_sim/__init__.py -> /home/gbk08/cartpole_ws/build/cartpole_sim/build/lib/cartpole_sim
[3.610s] running install
[3.622s] running install_lib
[3.667s] creating /home/gbk08/cartpole_ws/install/cartpole_sim/lib/python3.12/site-packages/cartpole_sim
[3.669s] copying /home/gbk08/cartpole_ws/build/cartpole_sim/build/lib/cartpole_sim/__init__.py -> /home/gbk08/cartpole_ws/install/cartpole_sim/lib/python3.12/site-packages/cartpole_sim
[3.672s] byte-compiling /home/gbk08/cartpole_ws/install/cartpole_sim/lib/python3.12/site-packages/cartpole_sim/__init__.py to __init__.cpython-312.pyc
[3.674s] running install_data
[3.674s] creating /home/gbk08/cartpole_ws/install/cartpole_sim/share/ament_index
[3.676s] creating /home/gbk08/cartpole_ws/install/cartpole_sim/share/ament_index/resource_index
[3.677s] creating /home/gbk08/cartpole_ws/install/cartpole_sim/share/ament_index/resource_index/packages
[3.678s] copying resource/cartpole_sim -> /home/gbk08/cartpole_ws/install/cartpole_sim/share/ament_index/resource_index/packages
[3.679s] copying package.xml -> /home/gbk08/cartpole_ws/install/cartpole_sim/share/cartpole_sim
[3.679s] creating /home/gbk08/cartpole_ws/install/cartpole_sim/share/cartpole_sim/launch
[3.681s] copying launch/sim.launch.py -> /home/gbk08/cartpole_ws/install/cartpole_sim/share/cartpole_sim/launch
[3.681s] creating /home/gbk08/cartpole_ws/install/cartpole_sim/share/cartpole_sim/urdf
[3.682s] copying urdf/cartpole.urdf -> /home/gbk08/cartpole_ws/install/cartpole_sim/share/cartpole_sim/urdf
[3.684s] running install_egg_info
[3.734s] Copying ../../build/cartpole_sim/cartpole_sim.egg-info to /home/gbk08/cartpole_ws/install/cartpole_sim/lib/python3.12/site-packages/cartpole_sim-0.0.0-py3.12.egg-info
[3.737s] running install_scripts
[4.086s] writing list of installed files to '/home/gbk08/cartpole_ws/build/cartpole_sim/install.log'
[4.149s] Invoked command in '/home/gbk08/cartpole_ws/src/cartpole_sim' returned '0': PYTHONPATH=/home/gbk08/cartpole_ws/build/cartpole_sim/prefix_override:/usr/lib/python3/dist-packages/colcon_core/task/python/colcon_distutils_commands:/home/gbk08/cartpole_ws/install/cartpole_sim/lib/python3.12/site-packages:${PYTHONPATH} /usr/bin/python3 -W ignore:setup.py install is deprecated -W ignore:easy_install command is deprecated setup.py egg_info --egg-base ../../build/cartpole_sim build --build-base /home/gbk08/cartpole_ws/build/cartpole_sim/build install --record /home/gbk08/cartpole_ws/build/cartpole_sim/install.log --single-version-externally-managed install_data
